nohup: ignoring input
=========================================
CNPJ Batch Processing
Processing 27 months
=========================================

----------------------------------------
Processing: 2022-07
----------------------------------------
Running DAG test for 2022-07...
[2026-02-20T08:42:17.462-0300] {dagbag.py:588} INFO - Filling up the DagBag from /opt/airflow/dags
[2026-02-20T08:42:17.552-0300] {dag.py:4435} INFO - dagrun id: cnpj_ingestion
[2026-02-20T08:42:17.560-0300] {dag.py:4451} INFO - created dagrun <DagRun cnpj_ingestion @ 2022-07-01 00:00:00-03:00: manual__2022-07-01T00:00:00-03:00, state:running, queued_at: None. externally triggered: False>
[2026-02-20T08:42:17.564-0300] {dagrun.py:854} INFO - Marking run <DagRun cnpj_ingestion @ 2022-07-01 03:00:00+00:00: manual__2022-07-01T00:00:00-03:00, state:running, queued_at: None. externally triggered: False> successful
[2026-02-20T08:42:17.692-0300] {dagrun.py:905} INFO - DagRun Finished: dag_id=cnpj_ingestion, execution_date=2022-07-01 03:00:00+00:00, run_id=manual__2022-07-01T00:00:00-03:00, run_start_date=2022-07-01 03:00:00+00:00, run_end_date=2026-02-20 11:42:17.564763+00:00, run_duration=114943337.564763, state=success, external_trigger=False, run_type=manual, data_interval_start=2022-07-01 03:00:00+00:00, data_interval_end=2022-07-01 03:00:00+00:00, dag_hash=None
✓ Completed: 2022-07

----------------------------------------
Processing: 2023-03
----------------------------------------
Running DAG test for 2023-03...
[2026-02-20T08:42:20.569-0300] {dagbag.py:588} INFO - Filling up the DagBag from /opt/airflow/dags
[2026-02-20T08:42:20.655-0300] {dag.py:4435} INFO - dagrun id: cnpj_ingestion
[2026-02-20T08:42:20.665-0300] {dag.py:4451} INFO - created dagrun <DagRun cnpj_ingestion @ 2023-03-01 00:00:00-03:00: manual__2023-03-01T00:00:00-03:00, state:running, queued_at: None. externally triggered: False>
[2026-02-20T08:42:20.670-0300] {dagrun.py:854} INFO - Marking run <DagRun cnpj_ingestion @ 2023-03-01 03:00:00+00:00: manual__2023-03-01T00:00:00-03:00, state:running, queued_at: None. externally triggered: False> successful
[2026-02-20T08:42:20.800-0300] {dagrun.py:905} INFO - DagRun Finished: dag_id=cnpj_ingestion, execution_date=2023-03-01 03:00:00+00:00, run_id=manual__2023-03-01T00:00:00-03:00, run_start_date=2023-03-01 03:00:00+00:00, run_end_date=2026-02-20 11:42:20.670913+00:00, run_duration=93948140.670913, state=success, external_trigger=False, run_type=manual, data_interval_start=2023-03-01 03:00:00+00:00, data_interval_end=2023-03-01 03:00:00+00:00, dag_hash=None
✓ Completed: 2023-03

----------------------------------------
Processing: 2023-04
----------------------------------------
Running DAG test for 2023-04...
[2026-02-20T08:42:23.502-0300] {dagbag.py:588} INFO - Filling up the DagBag from /opt/airflow/dags
[2026-02-20T08:42:23.587-0300] {dag.py:4435} INFO - dagrun id: cnpj_ingestion
[2026-02-20T08:42:23.595-0300] {dag.py:4451} INFO - created dagrun <DagRun cnpj_ingestion @ 2023-04-01 00:00:00-03:00: manual__2023-04-01T00:00:00-03:00, state:running, queued_at: None. externally triggered: False>
[2026-02-20T08:42:23.600-0300] {dagrun.py:854} INFO - Marking run <DagRun cnpj_ingestion @ 2023-04-01 03:00:00+00:00: manual__2023-04-01T00:00:00-03:00, state:running, queued_at: None. externally triggered: False> successful
[2026-02-20T08:42:23.726-0300] {dagrun.py:905} INFO - DagRun Finished: dag_id=cnpj_ingestion, execution_date=2023-04-01 03:00:00+00:00, run_id=manual__2023-04-01T00:00:00-03:00, run_start_date=2023-04-01 03:00:00+00:00, run_end_date=2026-02-20 11:42:23.600817+00:00, run_duration=91269743.600817, state=success, external_trigger=False, run_type=manual, data_interval_start=2023-04-01 03:00:00+00:00, data_interval_end=2023-04-01 03:00:00+00:00, dag_hash=None
✓ Completed: 2023-04

----------------------------------------
Processing: 2023-05
----------------------------------------
Running DAG test for 2023-05...
[2026-02-20T08:42:26.422-0300] {dagbag.py:588} INFO - Filling up the DagBag from /opt/airflow/dags
[2026-02-20T08:42:26.509-0300] {dag.py:4435} INFO - dagrun id: cnpj_ingestion
[2026-02-20T08:42:26.517-0300] {dag.py:4451} INFO - created dagrun <DagRun cnpj_ingestion @ 2023-05-01 00:00:00-03:00: manual__2023-05-01T00:00:00-03:00, state:running, queued_at: None. externally triggered: False>
[2026-02-20T08:42:26.522-0300] {dagrun.py:854} INFO - Marking run <DagRun cnpj_ingestion @ 2023-05-01 03:00:00+00:00: manual__2023-05-01T00:00:00-03:00, state:running, queued_at: None. externally triggered: False> successful
[2026-02-20T08:42:26.648-0300] {dagrun.py:905} INFO - DagRun Finished: dag_id=cnpj_ingestion, execution_date=2023-05-01 03:00:00+00:00, run_id=manual__2023-05-01T00:00:00-03:00, run_start_date=2023-05-01 03:00:00+00:00, run_end_date=2026-02-20 11:42:26.522247+00:00, run_duration=88677746.522247, state=success, external_trigger=False, run_type=manual, data_interval_start=2023-05-01 03:00:00+00:00, data_interval_end=2023-05-01 03:00:00+00:00, dag_hash=None
✓ Completed: 2023-05

----------------------------------------
Processing: 2023-06
----------------------------------------
Running DAG test for 2023-06...
[2026-02-20T08:42:29.360-0300] {dagbag.py:588} INFO - Filling up the DagBag from /opt/airflow/dags
[2026-02-20T08:42:29.448-0300] {dag.py:4435} INFO - dagrun id: cnpj_ingestion
[2026-02-20T08:42:29.456-0300] {dag.py:4451} INFO - created dagrun <DagRun cnpj_ingestion @ 2023-06-01 00:00:00-03:00: manual__2023-06-01T00:00:00-03:00, state:running, queued_at: None. externally triggered: False>
[2026-02-20T08:42:29.461-0300] {dagrun.py:854} INFO - Marking run <DagRun cnpj_ingestion @ 2023-06-01 03:00:00+00:00: manual__2023-06-01T00:00:00-03:00, state:running, queued_at: None. externally triggered: False> successful
[2026-02-20T08:42:29.590-0300] {dagrun.py:905} INFO - DagRun Finished: dag_id=cnpj_ingestion, execution_date=2023-06-01 03:00:00+00:00, run_id=manual__2023-06-01T00:00:00-03:00, run_start_date=2023-06-01 03:00:00+00:00, run_end_date=2026-02-20 11:42:29.461273+00:00, run_duration=85999349.461273, state=success, external_trigger=False, run_type=manual, data_interval_start=2023-06-01 03:00:00+00:00, data_interval_end=2023-06-01 03:00:00+00:00, dag_hash=None
✓ Completed: 2023-06

----------------------------------------
Processing: 2023-07
----------------------------------------
Running DAG test for 2023-07...
[2026-02-20T08:42:32.350-0300] {dagbag.py:588} INFO - Filling up the DagBag from /opt/airflow/dags
[2026-02-20T08:42:32.437-0300] {dag.py:4435} INFO - dagrun id: cnpj_ingestion
[2026-02-20T08:42:32.446-0300] {dag.py:4451} INFO - created dagrun <DagRun cnpj_ingestion @ 2023-07-01 00:00:00-03:00: manual__2023-07-01T00:00:00-03:00, state:running, queued_at: None. externally triggered: False>
[2026-02-20T08:42:32.451-0300] {dagrun.py:854} INFO - Marking run <DagRun cnpj_ingestion @ 2023-07-01 03:00:00+00:00: manual__2023-07-01T00:00:00-03:00, state:running, queued_at: None. externally triggered: False> successful
[2026-02-20T08:42:32.579-0300] {dagrun.py:905} INFO - DagRun Finished: dag_id=cnpj_ingestion, execution_date=2023-07-01 03:00:00+00:00, run_id=manual__2023-07-01T00:00:00-03:00, run_start_date=2023-07-01 03:00:00+00:00, run_end_date=2026-02-20 11:42:32.451313+00:00, run_duration=83407352.451313, state=success, external_trigger=False, run_type=manual, data_interval_start=2023-07-01 03:00:00+00:00, data_interval_end=2023-07-01 03:00:00+00:00, dag_hash=None
✓ Completed: 2023-07

----------------------------------------
Processing: 2023-08
----------------------------------------
Running DAG test for 2023-08...
[2026-02-20T08:42:35.694-0300] {dagbag.py:588} INFO - Filling up the DagBag from /opt/airflow/dags
[2026-02-20T08:42:35.785-0300] {dag.py:4435} INFO - dagrun id: cnpj_ingestion
[2026-02-20T08:42:35.794-0300] {dag.py:4451} INFO - created dagrun <DagRun cnpj_ingestion @ 2023-08-01 00:00:00-03:00: manual__2023-08-01T00:00:00-03:00, state:running, queued_at: None. externally triggered: False>
[2026-02-20T08:42:35.799-0300] {dagrun.py:854} INFO - Marking run <DagRun cnpj_ingestion @ 2023-08-01 03:00:00+00:00: manual__2023-08-01T00:00:00-03:00, state:running, queued_at: None. externally triggered: False> successful
[2026-02-20T08:42:35.936-0300] {dagrun.py:905} INFO - DagRun Finished: dag_id=cnpj_ingestion, execution_date=2023-08-01 03:00:00+00:00, run_id=manual__2023-08-01T00:00:00-03:00, run_start_date=2023-08-01 03:00:00+00:00, run_end_date=2026-02-20 11:42:35.799757+00:00, run_duration=80728955.799757, state=success, external_trigger=False, run_type=manual, data_interval_start=2023-08-01 03:00:00+00:00, data_interval_end=2023-08-01 03:00:00+00:00, dag_hash=None
✓ Completed: 2023-08

----------------------------------------
Processing: 2023-09
----------------------------------------
Running DAG test for 2023-09...
[2026-02-20T08:42:38.736-0300] {dagbag.py:588} INFO - Filling up the DagBag from /opt/airflow/dags
[2026-02-20T08:42:38.825-0300] {dag.py:4435} INFO - dagrun id: cnpj_ingestion
[2026-02-20T08:42:38.833-0300] {dag.py:4451} INFO - created dagrun <DagRun cnpj_ingestion @ 2023-09-01 00:00:00-03:00: manual__2023-09-01T00:00:00-03:00, state:running, queued_at: None. externally triggered: False>
[2026-02-20T08:42:38.838-0300] {dagrun.py:854} INFO - Marking run <DagRun cnpj_ingestion @ 2023-09-01 03:00:00+00:00: manual__2023-09-01T00:00:00-03:00, state:running, queued_at: None. externally triggered: False> successful
[2026-02-20T08:42:38.967-0300] {dagrun.py:905} INFO - DagRun Finished: dag_id=cnpj_ingestion, execution_date=2023-09-01 03:00:00+00:00, run_id=manual__2023-09-01T00:00:00-03:00, run_start_date=2023-09-01 03:00:00+00:00, run_end_date=2026-02-20 11:42:38.839055+00:00, run_duration=78050558.839055, state=success, external_trigger=False, run_type=manual, data_interval_start=2023-09-01 03:00:00+00:00, data_interval_end=2023-09-01 03:00:00+00:00, dag_hash=None
✓ Completed: 2023-09

----------------------------------------
Processing: 2023-10
----------------------------------------
Running DAG test for 2023-10...
[2026-02-20T08:42:41.804-0300] {dagbag.py:588} INFO - Filling up the DagBag from /opt/airflow/dags
[2026-02-20T08:42:41.895-0300] {dag.py:4435} INFO - dagrun id: cnpj_ingestion
[2026-02-20T08:42:41.903-0300] {dag.py:4451} INFO - created dagrun <DagRun cnpj_ingestion @ 2023-10-01 00:00:00-03:00: manual__2023-10-01T00:00:00-03:00, state:running, queued_at: None. externally triggered: False>
[2026-02-20T08:42:41.908-0300] {dagrun.py:854} INFO - Marking run <DagRun cnpj_ingestion @ 2023-10-01 03:00:00+00:00: manual__2023-10-01T00:00:00-03:00, state:running, queued_at: None. externally triggered: False> successful
[2026-02-20T08:42:42.041-0300] {dagrun.py:905} INFO - DagRun Finished: dag_id=cnpj_ingestion, execution_date=2023-10-01 03:00:00+00:00, run_id=manual__2023-10-01T00:00:00-03:00, run_start_date=2023-10-01 03:00:00+00:00, run_end_date=2026-02-20 11:42:41.908666+00:00, run_duration=75458561.908666, state=success, external_trigger=False, run_type=manual, data_interval_start=2023-10-01 03:00:00+00:00, data_interval_end=2023-10-01 03:00:00+00:00, dag_hash=None
✓ Completed: 2023-10

----------------------------------------
Processing: 2023-11
----------------------------------------
Running DAG test for 2023-11...
[2026-02-20T08:42:44.879-0300] {dagbag.py:588} INFO - Filling up the DagBag from /opt/airflow/dags
[2026-02-20T08:42:44.967-0300] {dag.py:4435} INFO - dagrun id: cnpj_ingestion
[2026-02-20T08:42:44.975-0300] {dag.py:4451} INFO - created dagrun <DagRun cnpj_ingestion @ 2023-11-01 00:00:00-03:00: manual__2023-11-01T00:00:00-03:00, state:running, queued_at: None. externally triggered: False>
[2026-02-20T08:42:44.979-0300] {dagrun.py:854} INFO - Marking run <DagRun cnpj_ingestion @ 2023-11-01 03:00:00+00:00: manual__2023-11-01T00:00:00-03:00, state:running, queued_at: None. externally triggered: False> successful
[2026-02-20T08:42:45.109-0300] {dagrun.py:905} INFO - DagRun Finished: dag_id=cnpj_ingestion, execution_date=2023-11-01 03:00:00+00:00, run_id=manual__2023-11-01T00:00:00-03:00, run_start_date=2023-11-01 03:00:00+00:00, run_end_date=2026-02-20 11:42:44.979896+00:00, run_duration=72780164.979896, state=success, external_trigger=False, run_type=manual, data_interval_start=2023-11-01 03:00:00+00:00, data_interval_end=2023-11-01 03:00:00+00:00, dag_hash=None
✓ Completed: 2023-11

----------------------------------------
Processing: 2023-12
----------------------------------------
Running DAG test for 2023-12...
[2026-02-20T08:42:48.005-0300] {dagbag.py:588} INFO - Filling up the DagBag from /opt/airflow/dags
[2026-02-20T08:42:48.097-0300] {dag.py:4435} INFO - dagrun id: cnpj_ingestion
[2026-02-20T08:42:48.106-0300] {dag.py:4451} INFO - created dagrun <DagRun cnpj_ingestion @ 2023-12-01 00:00:00-03:00: manual__2023-12-01T00:00:00-03:00, state:running, queued_at: None. externally triggered: False>
[2026-02-20T08:42:48.111-0300] {dagrun.py:854} INFO - Marking run <DagRun cnpj_ingestion @ 2023-12-01 03:00:00+00:00: manual__2023-12-01T00:00:00-03:00, state:running, queued_at: None. externally triggered: False> successful
[2026-02-20T08:42:48.243-0300] {dagrun.py:905} INFO - DagRun Finished: dag_id=cnpj_ingestion, execution_date=2023-12-01 03:00:00+00:00, run_id=manual__2023-12-01T00:00:00-03:00, run_start_date=2023-12-01 03:00:00+00:00, run_end_date=2026-02-20 11:42:48.111704+00:00, run_duration=70188168.111704, state=success, external_trigger=False, run_type=manual, data_interval_start=2023-12-01 03:00:00+00:00, data_interval_end=2023-12-01 03:00:00+00:00, dag_hash=None
✓ Completed: 2023-12

----------------------------------------
Processing: 2024-01
----------------------------------------
Running DAG test for 2024-01...
[2026-02-20T08:42:51.430-0300] {taskinstance.py:731} INFO - ::endgroup::
[2026-02-20 08:42:51,430] {python.py:240} INFO - Done. Returned value was: 2025-07
[2026-02-20T08:42:51.430-0300] {python.py:240} INFO - Done. Returned value was: 2025-07
[2026-02-20T08:42:51.439-0300] {taskinstance.py:340} INFO - ::group::Post task execution logs
[2026-02-20T08:42:51.440-0300] {taskinstance.py:352} INFO - Marking task as SUCCESS. dag_id=cnpj_ingestion, task_id=process_empresas_group.get_ref_month, run_id=manual__2024-01-01T00:00:00-03:00, execution_date=20240101T030000, start_date=, end_date=20260220T114251
[2026-02-20T08:42:51.447-0300] {dag.py:4410} INFO - [DAG TEST] end task task_id=process_empresas_group.get_ref_month map_index=-1
[2026-02-20T08:42:51.466-0300] {dag.py:4396} INFO - [DAG TEST] starting task_id=process_empresas_group.get_empresas_files map_index=-1
[2026-02-20T08:42:51.466-0300] {dag.py:4399} INFO - [DAG TEST] running task <TaskInstance: cnpj_ingestion.process_empresas_group.get_empresas_files manual__2024-01-01T00:00:00-03:00 [scheduled]>
[2026-02-20 08:42:51,488] {taskinstance.py:3132} INFO - Exporting env vars: AIRFLOW_CTX_DAG_OWNER='osint-platform' AIRFLOW_CTX_DAG_ID='cnpj_ingestion' AIRFLOW_CTX_TASK_ID='process_empresas_group.get_empresas_files' AIRFLOW_CTX_EXECUTION_DATE='2024-01-01T03:00:00+00:00' AIRFLOW_CTX_TRY_NUMBER='1' AIRFLOW_CTX_DAG_RUN_ID='manual__2024-01-01T00:00:00-03:00'
[2026-02-20T08:42:51.488-0300] {taskinstance.py:3132} INFO - Exporting env vars: AIRFLOW_CTX_DAG_OWNER='osint-platform' AIRFLOW_CTX_DAG_ID='cnpj_ingestion' AIRFLOW_CTX_TASK_ID='process_empresas_group.get_empresas_files' AIRFLOW_CTX_EXECUTION_DATE='2024-01-01T03:00:00+00:00' AIRFLOW_CTX_TRY_NUMBER='1' AIRFLOW_CTX_DAG_RUN_ID='manual__2024-01-01T00:00:00-03:00'
[2026-02-20T08:42:51.489-0300] {taskinstance.py:731} INFO - ::endgroup::
[2026-02-20T08:42:51.496-0300] {process_tasks.py:189} INFO - Found 0 Empresas files to process: []
[2026-02-20 08:42:51,496] {python.py:240} INFO - Done. Returned value was: []
[2026-02-20T08:42:51.496-0300] {python.py:240} INFO - Done. Returned value was: []
[2026-02-20T08:42:51.506-0300] {taskinstance.py:340} INFO - ::group::Post task execution logs
[2026-02-20T08:42:51.507-0300] {taskinstance.py:352} INFO - Marking task as SUCCESS. dag_id=cnpj_ingestion, task_id=process_empresas_group.get_empresas_files, run_id=manual__2024-01-01T00:00:00-03:00, execution_date=20240101T030000, start_date=, end_date=20260220T114251
[2026-02-20T08:42:51.513-0300] {dag.py:4410} INFO - [DAG TEST] end task task_id=process_empresas_group.get_empresas_files map_index=-1
[2026-02-20T08:42:51.525-0300] {abstractoperator.py:640} INFO - Marking <TaskInstance: cnpj_ingestion.process_empresas_group.process_empresas_file manual__2024-01-01T00:00:00-03:00 [None]> as SKIPPED since the map has 0 values to expand
[2026-02-20T08:42:55.662-0300] {dagrun.py:854} INFO - Marking run <DagRun cnpj_ingestion @ 2024-01-01 03:00:00+00:00: manual__2024-01-01T00:00:00-03:00, state:running, queued_at: None. externally triggered: False> successful
[2026-02-20T08:42:55.662-0300] {dagrun.py:905} INFO - DagRun Finished: dag_id=cnpj_ingestion, execution_date=2024-01-01 03:00:00+00:00, run_id=manual__2024-01-01T00:00:00-03:00, run_start_date=2024-01-01 03:00:00+00:00, run_end_date=2026-02-20 11:42:55.662626+00:00, run_duration=67509775.662626, state=success, external_trigger=False, run_type=manual, data_interval_start=2024-01-01 03:00:00+00:00, data_interval_end=2024-01-01 03:00:00+00:00, dag_hash=None
✓ Completed: 2024-01

----------------------------------------
Processing: 2024-03
----------------------------------------
Running DAG test for 2024-03...
[2026-02-20T08:42:59.037-0300] {taskinstance.py:731} INFO - ::endgroup::
[2026-02-20 08:42:59,037] {python.py:240} INFO - Done. Returned value was: 2025-07
[2026-02-20T08:42:59.037-0300] {python.py:240} INFO - Done. Returned value was: 2025-07
[2026-02-20T08:42:59.046-0300] {taskinstance.py:340} INFO - ::group::Post task execution logs
[2026-02-20T08:42:59.046-0300] {taskinstance.py:352} INFO - Marking task as SUCCESS. dag_id=cnpj_ingestion, task_id=process_empresas_group.get_ref_month, run_id=manual__2024-03-01T00:00:00-03:00, execution_date=20240301T030000, start_date=, end_date=20260220T114259
[2026-02-20T08:42:59.053-0300] {dag.py:4410} INFO - [DAG TEST] end task task_id=process_empresas_group.get_ref_month map_index=-1
[2026-02-20T08:42:59.072-0300] {dag.py:4396} INFO - [DAG TEST] starting task_id=process_empresas_group.get_empresas_files map_index=-1
[2026-02-20T08:42:59.073-0300] {dag.py:4399} INFO - [DAG TEST] running task <TaskInstance: cnpj_ingestion.process_empresas_group.get_empresas_files manual__2024-03-01T00:00:00-03:00 [scheduled]>
[2026-02-20 08:42:59,095] {taskinstance.py:3132} INFO - Exporting env vars: AIRFLOW_CTX_DAG_OWNER='osint-platform' AIRFLOW_CTX_DAG_ID='cnpj_ingestion' AIRFLOW_CTX_TASK_ID='process_empresas_group.get_empresas_files' AIRFLOW_CTX_EXECUTION_DATE='2024-03-01T03:00:00+00:00' AIRFLOW_CTX_TRY_NUMBER='1' AIRFLOW_CTX_DAG_RUN_ID='manual__2024-03-01T00:00:00-03:00'
[2026-02-20T08:42:59.095-0300] {taskinstance.py:3132} INFO - Exporting env vars: AIRFLOW_CTX_DAG_OWNER='osint-platform' AIRFLOW_CTX_DAG_ID='cnpj_ingestion' AIRFLOW_CTX_TASK_ID='process_empresas_group.get_empresas_files' AIRFLOW_CTX_EXECUTION_DATE='2024-03-01T03:00:00+00:00' AIRFLOW_CTX_TRY_NUMBER='1' AIRFLOW_CTX_DAG_RUN_ID='manual__2024-03-01T00:00:00-03:00'
[2026-02-20T08:42:59.095-0300] {taskinstance.py:731} INFO - ::endgroup::
[2026-02-20T08:42:59.102-0300] {process_tasks.py:189} INFO - Found 0 Empresas files to process: []
[2026-02-20 08:42:59,103] {python.py:240} INFO - Done. Returned value was: []
[2026-02-20T08:42:59.103-0300] {python.py:240} INFO - Done. Returned value was: []
[2026-02-20T08:42:59.112-0300] {taskinstance.py:340} INFO - ::group::Post task execution logs
[2026-02-20T08:42:59.113-0300] {taskinstance.py:352} INFO - Marking task as SUCCESS. dag_id=cnpj_ingestion, task_id=process_empresas_group.get_empresas_files, run_id=manual__2024-03-01T00:00:00-03:00, execution_date=20240301T030000, start_date=, end_date=20260220T114259
[2026-02-20T08:42:59.120-0300] {dag.py:4410} INFO - [DAG TEST] end task task_id=process_empresas_group.get_empresas_files map_index=-1
[2026-02-20T08:42:59.131-0300] {abstractoperator.py:640} INFO - Marking <TaskInstance: cnpj_ingestion.process_empresas_group.process_empresas_file manual__2024-03-01T00:00:00-03:00 [None]> as SKIPPED since the map has 0 values to expand
[2026-02-20T08:43:02.300-0300] {dagrun.py:854} INFO - Marking run <DagRun cnpj_ingestion @ 2024-03-01 03:00:00+00:00: manual__2024-03-01T00:00:00-03:00, state:running, queued_at: None. externally triggered: False> successful
[2026-02-20T08:43:02.301-0300] {dagrun.py:905} INFO - DagRun Finished: dag_id=cnpj_ingestion, execution_date=2024-03-01 03:00:00+00:00, run_id=manual__2024-03-01T00:00:00-03:00, run_start_date=2024-03-01 03:00:00+00:00, run_end_date=2026-02-20 11:43:02.301382+00:00, run_duration=62325782.301382, state=success, external_trigger=False, run_type=manual, data_interval_start=2024-03-01 03:00:00+00:00, data_interval_end=2024-03-01 03:00:00+00:00, dag_hash=None
✓ Completed: 2024-03

----------------------------------------
Processing: 2024-04
----------------------------------------
Running DAG test for 2024-04...
[2026-02-20T08:43:05.694-0300] {taskinstance.py:731} INFO - ::endgroup::
[2026-02-20 08:43:05,694] {python.py:240} INFO - Done. Returned value was: 2025-07
[2026-02-20T08:43:05.694-0300] {python.py:240} INFO - Done. Returned value was: 2025-07
[2026-02-20T08:43:05.703-0300] {taskinstance.py:340} INFO - ::group::Post task execution logs
[2026-02-20T08:43:05.704-0300] {taskinstance.py:352} INFO - Marking task as SUCCESS. dag_id=cnpj_ingestion, task_id=process_empresas_group.get_ref_month, run_id=manual__2024-04-01T00:00:00-03:00, execution_date=20240401T030000, start_date=, end_date=20260220T114305
[2026-02-20T08:43:05.710-0300] {dag.py:4410} INFO - [DAG TEST] end task task_id=process_empresas_group.get_ref_month map_index=-1
[2026-02-20T08:43:05.730-0300] {dag.py:4396} INFO - [DAG TEST] starting task_id=process_empresas_group.get_empresas_files map_index=-1
[2026-02-20T08:43:05.730-0300] {dag.py:4399} INFO - [DAG TEST] running task <TaskInstance: cnpj_ingestion.process_empresas_group.get_empresas_files manual__2024-04-01T00:00:00-03:00 [scheduled]>
[2026-02-20 08:43:05,768] {taskinstance.py:3132} INFO - Exporting env vars: AIRFLOW_CTX_DAG_OWNER='osint-platform' AIRFLOW_CTX_DAG_ID='cnpj_ingestion' AIRFLOW_CTX_TASK_ID='process_empresas_group.get_empresas_files' AIRFLOW_CTX_EXECUTION_DATE='2024-04-01T03:00:00+00:00' AIRFLOW_CTX_TRY_NUMBER='1' AIRFLOW_CTX_DAG_RUN_ID='manual__2024-04-01T00:00:00-03:00'
[2026-02-20T08:43:05.768-0300] {taskinstance.py:3132} INFO - Exporting env vars: AIRFLOW_CTX_DAG_OWNER='osint-platform' AIRFLOW_CTX_DAG_ID='cnpj_ingestion' AIRFLOW_CTX_TASK_ID='process_empresas_group.get_empresas_files' AIRFLOW_CTX_EXECUTION_DATE='2024-04-01T03:00:00+00:00' AIRFLOW_CTX_TRY_NUMBER='1' AIRFLOW_CTX_DAG_RUN_ID='manual__2024-04-01T00:00:00-03:00'
[2026-02-20T08:43:05.769-0300] {taskinstance.py:731} INFO - ::endgroup::
[2026-02-20T08:43:05.779-0300] {process_tasks.py:189} INFO - Found 0 Empresas files to process: []
[2026-02-20 08:43:05,779] {python.py:240} INFO - Done. Returned value was: []
[2026-02-20T08:43:05.779-0300] {python.py:240} INFO - Done. Returned value was: []
[2026-02-20T08:43:05.795-0300] {taskinstance.py:340} INFO - ::group::Post task execution logs
[2026-02-20T08:43:05.796-0300] {taskinstance.py:352} INFO - Marking task as SUCCESS. dag_id=cnpj_ingestion, task_id=process_empresas_group.get_empresas_files, run_id=manual__2024-04-01T00:00:00-03:00, execution_date=20240401T030000, start_date=, end_date=20260220T114305
[2026-02-20T08:43:05.802-0300] {dag.py:4410} INFO - [DAG TEST] end task task_id=process_empresas_group.get_empresas_files map_index=-1
[2026-02-20T08:43:05.819-0300] {abstractoperator.py:640} INFO - Marking <TaskInstance: cnpj_ingestion.process_empresas_group.process_empresas_file manual__2024-04-01T00:00:00-03:00 [None]> as SKIPPED since the map has 0 values to expand
[2026-02-20T08:43:09.936-0300] {dagrun.py:854} INFO - Marking run <DagRun cnpj_ingestion @ 2024-04-01 03:00:00+00:00: manual__2024-04-01T00:00:00-03:00, state:running, queued_at: None. externally triggered: False> successful
[2026-02-20T08:43:09.937-0300] {dagrun.py:905} INFO - DagRun Finished: dag_id=cnpj_ingestion, execution_date=2024-04-01 03:00:00+00:00, run_id=manual__2024-04-01T00:00:00-03:00, run_start_date=2024-04-01 03:00:00+00:00, run_end_date=2026-02-20 11:43:09.937070+00:00, run_duration=59647389.93707, state=success, external_trigger=False, run_type=manual, data_interval_start=2024-04-01 03:00:00+00:00, data_interval_end=2024-04-01 03:00:00+00:00, dag_hash=None
✓ Completed: 2024-04

----------------------------------------
Processing: 2024-05
----------------------------------------
Running DAG test for 2024-05...
[2026-02-20T08:43:13.842-0300] {taskinstance.py:731} INFO - ::endgroup::
[2026-02-20 08:43:13,842] {python.py:240} INFO - Done. Returned value was: 2025-07
[2026-02-20T08:43:13.842-0300] {python.py:240} INFO - Done. Returned value was: 2025-07
[2026-02-20T08:43:13.955-0300] {taskinstance.py:340} INFO - ::group::Post task execution logs
[2026-02-20T08:43:13.956-0300] {taskinstance.py:352} INFO - Marking task as SUCCESS. dag_id=cnpj_ingestion, task_id=process_empresas_group.get_ref_month, run_id=manual__2024-05-01T00:00:00-03:00, execution_date=20240501T030000, start_date=, end_date=20260220T114313
[2026-02-20T08:43:14.066-0300] {dag.py:4410} INFO - [DAG TEST] end task task_id=process_empresas_group.get_ref_month map_index=-1
[2026-02-20T08:43:14.280-0300] {dag.py:4396} INFO - [DAG TEST] starting task_id=process_empresas_group.get_empresas_files map_index=-1
[2026-02-20T08:43:14.280-0300] {dag.py:4399} INFO - [DAG TEST] running task <TaskInstance: cnpj_ingestion.process_empresas_group.get_empresas_files manual__2024-05-01T00:00:00-03:00 [scheduled]>
[2026-02-20 08:43:14,308] {taskinstance.py:3132} INFO - Exporting env vars: AIRFLOW_CTX_DAG_OWNER='osint-platform' AIRFLOW_CTX_DAG_ID='cnpj_ingestion' AIRFLOW_CTX_TASK_ID='process_empresas_group.get_empresas_files' AIRFLOW_CTX_EXECUTION_DATE='2024-05-01T03:00:00+00:00' AIRFLOW_CTX_TRY_NUMBER='1' AIRFLOW_CTX_DAG_RUN_ID='manual__2024-05-01T00:00:00-03:00'
[2026-02-20T08:43:14.308-0300] {taskinstance.py:3132} INFO - Exporting env vars: AIRFLOW_CTX_DAG_OWNER='osint-platform' AIRFLOW_CTX_DAG_ID='cnpj_ingestion' AIRFLOW_CTX_TASK_ID='process_empresas_group.get_empresas_files' AIRFLOW_CTX_EXECUTION_DATE='2024-05-01T03:00:00+00:00' AIRFLOW_CTX_TRY_NUMBER='1' AIRFLOW_CTX_DAG_RUN_ID='manual__2024-05-01T00:00:00-03:00'
[2026-02-20T08:43:14.308-0300] {taskinstance.py:731} INFO - ::endgroup::
[2026-02-20T08:43:14.315-0300] {process_tasks.py:189} INFO - Found 0 Empresas files to process: []
[2026-02-20 08:43:14,316] {python.py:240} INFO - Done. Returned value was: []
[2026-02-20T08:43:14.316-0300] {python.py:240} INFO - Done. Returned value was: []
[2026-02-20T08:43:14.326-0300] {taskinstance.py:340} INFO - ::group::Post task execution logs
[2026-02-20T08:43:14.326-0300] {taskinstance.py:352} INFO - Marking task as SUCCESS. dag_id=cnpj_ingestion, task_id=process_empresas_group.get_empresas_files, run_id=manual__2024-05-01T00:00:00-03:00, execution_date=20240501T030000, start_date=, end_date=20260220T114314
[2026-02-20T08:43:14.333-0300] {dag.py:4410} INFO - [DAG TEST] end task task_id=process_empresas_group.get_empresas_files map_index=-1
[2026-02-20T08:43:14.345-0300] {abstractoperator.py:640} INFO - Marking <TaskInstance: cnpj_ingestion.process_empresas_group.process_empresas_file manual__2024-05-01T00:00:00-03:00 [None]> as SKIPPED since the map has 0 values to expand
[2026-02-20T08:43:18.571-0300] {dagrun.py:854} INFO - Marking run <DagRun cnpj_ingestion @ 2024-05-01 03:00:00+00:00: manual__2024-05-01T00:00:00-03:00, state:running, queued_at: None. externally triggered: False> successful
[2026-02-20T08:43:18.573-0300] {dagrun.py:905} INFO - DagRun Finished: dag_id=cnpj_ingestion, execution_date=2024-05-01 03:00:00+00:00, run_id=manual__2024-05-01T00:00:00-03:00, run_start_date=2024-05-01 03:00:00+00:00, run_end_date=2026-02-20 11:43:18.573116+00:00, run_duration=57055398.573116, state=success, external_trigger=False, run_type=manual, data_interval_start=2024-05-01 03:00:00+00:00, data_interval_end=2024-05-01 03:00:00+00:00, dag_hash=None
✓ Completed: 2024-05

----------------------------------------
Processing: 2024-06
----------------------------------------
Running DAG test for 2024-06...
[2026-02-20T08:43:21.799-0300] {taskinstance.py:731} INFO - ::endgroup::
[2026-02-20 08:43:21,799] {python.py:240} INFO - Done. Returned value was: 2025-07
[2026-02-20T08:43:21.799-0300] {python.py:240} INFO - Done. Returned value was: 2025-07
[2026-02-20T08:43:21.808-0300] {taskinstance.py:340} INFO - ::group::Post task execution logs
[2026-02-20T08:43:21.808-0300] {taskinstance.py:352} INFO - Marking task as SUCCESS. dag_id=cnpj_ingestion, task_id=process_empresas_group.get_ref_month, run_id=manual__2024-06-01T00:00:00-03:00, execution_date=20240601T030000, start_date=, end_date=20260220T114321
[2026-02-20T08:43:21.815-0300] {dag.py:4410} INFO - [DAG TEST] end task task_id=process_empresas_group.get_ref_month map_index=-1
[2026-02-20T08:43:21.834-0300] {dag.py:4396} INFO - [DAG TEST] starting task_id=process_empresas_group.get_empresas_files map_index=-1
[2026-02-20T08:43:21.835-0300] {dag.py:4399} INFO - [DAG TEST] running task <TaskInstance: cnpj_ingestion.process_empresas_group.get_empresas_files manual__2024-06-01T00:00:00-03:00 [scheduled]>
[2026-02-20 08:43:21,857] {taskinstance.py:3132} INFO - Exporting env vars: AIRFLOW_CTX_DAG_OWNER='osint-platform' AIRFLOW_CTX_DAG_ID='cnpj_ingestion' AIRFLOW_CTX_TASK_ID='process_empresas_group.get_empresas_files' AIRFLOW_CTX_EXECUTION_DATE='2024-06-01T03:00:00+00:00' AIRFLOW_CTX_TRY_NUMBER='1' AIRFLOW_CTX_DAG_RUN_ID='manual__2024-06-01T00:00:00-03:00'
[2026-02-20T08:43:21.857-0300] {taskinstance.py:3132} INFO - Exporting env vars: AIRFLOW_CTX_DAG_OWNER='osint-platform' AIRFLOW_CTX_DAG_ID='cnpj_ingestion' AIRFLOW_CTX_TASK_ID='process_empresas_group.get_empresas_files' AIRFLOW_CTX_EXECUTION_DATE='2024-06-01T03:00:00+00:00' AIRFLOW_CTX_TRY_NUMBER='1' AIRFLOW_CTX_DAG_RUN_ID='manual__2024-06-01T00:00:00-03:00'
[2026-02-20T08:43:21.857-0300] {taskinstance.py:731} INFO - ::endgroup::
[2026-02-20T08:43:21.864-0300] {process_tasks.py:189} INFO - Found 0 Empresas files to process: []
[2026-02-20 08:43:21,864] {python.py:240} INFO - Done. Returned value was: []
[2026-02-20T08:43:21.864-0300] {python.py:240} INFO - Done. Returned value was: []
[2026-02-20T08:43:21.875-0300] {taskinstance.py:340} INFO - ::group::Post task execution logs
[2026-02-20T08:43:21.875-0300] {taskinstance.py:352} INFO - Marking task as SUCCESS. dag_id=cnpj_ingestion, task_id=process_empresas_group.get_empresas_files, run_id=manual__2024-06-01T00:00:00-03:00, execution_date=20240601T030000, start_date=, end_date=20260220T114321
[2026-02-20T08:43:21.882-0300] {dag.py:4410} INFO - [DAG TEST] end task task_id=process_empresas_group.get_empresas_files map_index=-1
[2026-02-20T08:43:21.894-0300] {abstractoperator.py:640} INFO - Marking <TaskInstance: cnpj_ingestion.process_empresas_group.process_empresas_file manual__2024-06-01T00:00:00-03:00 [None]> as SKIPPED since the map has 0 values to expand
[2026-02-20T08:43:26.030-0300] {dagrun.py:854} INFO - Marking run <DagRun cnpj_ingestion @ 2024-06-01 03:00:00+00:00: manual__2024-06-01T00:00:00-03:00, state:running, queued_at: None. externally triggered: False> successful
[2026-02-20T08:43:26.031-0300] {dagrun.py:905} INFO - DagRun Finished: dag_id=cnpj_ingestion, execution_date=2024-06-01 03:00:00+00:00, run_id=manual__2024-06-01T00:00:00-03:00, run_start_date=2024-06-01 03:00:00+00:00, run_end_date=2026-02-20 11:43:26.031061+00:00, run_duration=54377006.031061, state=success, external_trigger=False, run_type=manual, data_interval_start=2024-06-01 03:00:00+00:00, data_interval_end=2024-06-01 03:00:00+00:00, dag_hash=None
✓ Completed: 2024-06

----------------------------------------
Processing: 2024-07
----------------------------------------
Running DAG test for 2024-07...
[2026-02-20T08:43:29.222-0300] {taskinstance.py:731} INFO - ::endgroup::
[2026-02-20 08:43:29,222] {python.py:240} INFO - Done. Returned value was: 2025-07
[2026-02-20T08:43:29.222-0300] {python.py:240} INFO - Done. Returned value was: 2025-07
[2026-02-20T08:43:29.231-0300] {taskinstance.py:340} INFO - ::group::Post task execution logs
[2026-02-20T08:43:29.231-0300] {taskinstance.py:352} INFO - Marking task as SUCCESS. dag_id=cnpj_ingestion, task_id=process_empresas_group.get_ref_month, run_id=manual__2024-07-01T00:00:00-03:00, execution_date=20240701T030000, start_date=, end_date=20260220T114329
[2026-02-20T08:43:29.238-0300] {dag.py:4410} INFO - [DAG TEST] end task task_id=process_empresas_group.get_ref_month map_index=-1
[2026-02-20T08:43:29.257-0300] {dag.py:4396} INFO - [DAG TEST] starting task_id=process_empresas_group.get_empresas_files map_index=-1
[2026-02-20T08:43:29.257-0300] {dag.py:4399} INFO - [DAG TEST] running task <TaskInstance: cnpj_ingestion.process_empresas_group.get_empresas_files manual__2024-07-01T00:00:00-03:00 [scheduled]>
[2026-02-20 08:43:29,280] {taskinstance.py:3132} INFO - Exporting env vars: AIRFLOW_CTX_DAG_OWNER='osint-platform' AIRFLOW_CTX_DAG_ID='cnpj_ingestion' AIRFLOW_CTX_TASK_ID='process_empresas_group.get_empresas_files' AIRFLOW_CTX_EXECUTION_DATE='2024-07-01T03:00:00+00:00' AIRFLOW_CTX_TRY_NUMBER='1' AIRFLOW_CTX_DAG_RUN_ID='manual__2024-07-01T00:00:00-03:00'
[2026-02-20T08:43:29.280-0300] {taskinstance.py:3132} INFO - Exporting env vars: AIRFLOW_CTX_DAG_OWNER='osint-platform' AIRFLOW_CTX_DAG_ID='cnpj_ingestion' AIRFLOW_CTX_TASK_ID='process_empresas_group.get_empresas_files' AIRFLOW_CTX_EXECUTION_DATE='2024-07-01T03:00:00+00:00' AIRFLOW_CTX_TRY_NUMBER='1' AIRFLOW_CTX_DAG_RUN_ID='manual__2024-07-01T00:00:00-03:00'
[2026-02-20T08:43:29.280-0300] {taskinstance.py:731} INFO - ::endgroup::
[2026-02-20T08:43:29.287-0300] {process_tasks.py:189} INFO - Found 0 Empresas files to process: []
[2026-02-20 08:43:29,287] {python.py:240} INFO - Done. Returned value was: []
[2026-02-20T08:43:29.287-0300] {python.py:240} INFO - Done. Returned value was: []
[2026-02-20T08:43:29.298-0300] {taskinstance.py:340} INFO - ::group::Post task execution logs
[2026-02-20T08:43:29.298-0300] {taskinstance.py:352} INFO - Marking task as SUCCESS. dag_id=cnpj_ingestion, task_id=process_empresas_group.get_empresas_files, run_id=manual__2024-07-01T00:00:00-03:00, execution_date=20240701T030000, start_date=, end_date=20260220T114329
[2026-02-20T08:43:29.305-0300] {dag.py:4410} INFO - [DAG TEST] end task task_id=process_empresas_group.get_empresas_files map_index=-1
[2026-02-20T08:43:29.317-0300] {abstractoperator.py:640} INFO - Marking <TaskInstance: cnpj_ingestion.process_empresas_group.process_empresas_file manual__2024-07-01T00:00:00-03:00 [None]> as SKIPPED since the map has 0 values to expand
[2026-02-20T08:43:32.505-0300] {dagrun.py:854} INFO - Marking run <DagRun cnpj_ingestion @ 2024-07-01 03:00:00+00:00: manual__2024-07-01T00:00:00-03:00, state:running, queued_at: None. externally triggered: False> successful
[2026-02-20T08:43:32.506-0300] {dagrun.py:905} INFO - DagRun Finished: dag_id=cnpj_ingestion, execution_date=2024-07-01 03:00:00+00:00, run_id=manual__2024-07-01T00:00:00-03:00, run_start_date=2024-07-01 03:00:00+00:00, run_end_date=2026-02-20 11:43:32.506670+00:00, run_duration=51785012.50667, state=success, external_trigger=False, run_type=manual, data_interval_start=2024-07-01 03:00:00+00:00, data_interval_end=2024-07-01 03:00:00+00:00, dag_hash=None
✓ Completed: 2024-07

----------------------------------------
Processing: 2024-08
----------------------------------------
Running DAG test for 2024-08...
[2026-02-20T08:43:35.829-0300] {taskinstance.py:731} INFO - ::endgroup::
[2026-02-20 08:43:35,829] {python.py:240} INFO - Done. Returned value was: 2025-07
[2026-02-20T08:43:35.829-0300] {python.py:240} INFO - Done. Returned value was: 2025-07
[2026-02-20T08:43:35.842-0300] {taskinstance.py:340} INFO - ::group::Post task execution logs
[2026-02-20T08:43:35.844-0300] {taskinstance.py:352} INFO - Marking task as SUCCESS. dag_id=cnpj_ingestion, task_id=process_empresas_group.get_ref_month, run_id=manual__2024-08-01T00:00:00-03:00, execution_date=20240801T030000, start_date=, end_date=20260220T114335
[2026-02-20T08:43:35.862-0300] {dag.py:4410} INFO - [DAG TEST] end task task_id=process_empresas_group.get_ref_month map_index=-1
[2026-02-20T08:43:35.933-0300] {dag.py:4396} INFO - [DAG TEST] starting task_id=process_empresas_group.get_empresas_files map_index=-1
[2026-02-20T08:43:35.933-0300] {dag.py:4399} INFO - [DAG TEST] running task <TaskInstance: cnpj_ingestion.process_empresas_group.get_empresas_files manual__2024-08-01T00:00:00-03:00 [scheduled]>
[2026-02-20 08:43:35,970] {taskinstance.py:3132} INFO - Exporting env vars: AIRFLOW_CTX_DAG_OWNER='osint-platform' AIRFLOW_CTX_DAG_ID='cnpj_ingestion' AIRFLOW_CTX_TASK_ID='process_empresas_group.get_empresas_files' AIRFLOW_CTX_EXECUTION_DATE='2024-08-01T03:00:00+00:00' AIRFLOW_CTX_TRY_NUMBER='1' AIRFLOW_CTX_DAG_RUN_ID='manual__2024-08-01T00:00:00-03:00'
[2026-02-20T08:43:35.970-0300] {taskinstance.py:3132} INFO - Exporting env vars: AIRFLOW_CTX_DAG_OWNER='osint-platform' AIRFLOW_CTX_DAG_ID='cnpj_ingestion' AIRFLOW_CTX_TASK_ID='process_empresas_group.get_empresas_files' AIRFLOW_CTX_EXECUTION_DATE='2024-08-01T03:00:00+00:00' AIRFLOW_CTX_TRY_NUMBER='1' AIRFLOW_CTX_DAG_RUN_ID='manual__2024-08-01T00:00:00-03:00'
[2026-02-20T08:43:35.970-0300] {taskinstance.py:731} INFO - ::endgroup::
[2026-02-20T08:43:35.983-0300] {process_tasks.py:189} INFO - Found 0 Empresas files to process: []
[2026-02-20 08:43:35,983] {python.py:240} INFO - Done. Returned value was: []
[2026-02-20T08:43:35.983-0300] {python.py:240} INFO - Done. Returned value was: []
[2026-02-20T08:43:36.005-0300] {taskinstance.py:340} INFO - ::group::Post task execution logs
[2026-02-20T08:43:36.006-0300] {taskinstance.py:352} INFO - Marking task as SUCCESS. dag_id=cnpj_ingestion, task_id=process_empresas_group.get_empresas_files, run_id=manual__2024-08-01T00:00:00-03:00, execution_date=20240801T030000, start_date=, end_date=20260220T114336
[2026-02-20T08:43:36.020-0300] {dag.py:4410} INFO - [DAG TEST] end task task_id=process_empresas_group.get_empresas_files map_index=-1
[2026-02-20T08:43:36.040-0300] {abstractoperator.py:640} INFO - Marking <TaskInstance: cnpj_ingestion.process_empresas_group.process_empresas_file manual__2024-08-01T00:00:00-03:00 [None]> as SKIPPED since the map has 0 values to expand
[2026-02-20T08:43:40.210-0300] {dagrun.py:854} INFO - Marking run <DagRun cnpj_ingestion @ 2024-08-01 03:00:00+00:00: manual__2024-08-01T00:00:00-03:00, state:running, queued_at: None. externally triggered: False> successful
[2026-02-20T08:43:40.212-0300] {dagrun.py:905} INFO - DagRun Finished: dag_id=cnpj_ingestion, execution_date=2024-08-01 03:00:00+00:00, run_id=manual__2024-08-01T00:00:00-03:00, run_start_date=2024-08-01 03:00:00+00:00, run_end_date=2026-02-20 11:43:40.211942+00:00, run_duration=49106620.211942, state=success, external_trigger=False, run_type=manual, data_interval_start=2024-08-01 03:00:00+00:00, data_interval_end=2024-08-01 03:00:00+00:00, dag_hash=None
✓ Completed: 2024-08

----------------------------------------
Processing: 2024-09
----------------------------------------
Running DAG test for 2024-09...
[2026-02-20T08:43:43.461-0300] {taskinstance.py:731} INFO - ::endgroup::
[2026-02-20 08:43:43,461] {python.py:240} INFO - Done. Returned value was: 2025-07
[2026-02-20T08:43:43.461-0300] {python.py:240} INFO - Done. Returned value was: 2025-07
[2026-02-20T08:43:43.470-0300] {taskinstance.py:340} INFO - ::group::Post task execution logs
[2026-02-20T08:43:43.471-0300] {taskinstance.py:352} INFO - Marking task as SUCCESS. dag_id=cnpj_ingestion, task_id=process_empresas_group.get_ref_month, run_id=manual__2024-09-01T00:00:00-03:00, execution_date=20240901T030000, start_date=, end_date=20260220T114343
[2026-02-20T08:43:43.477-0300] {dag.py:4410} INFO - [DAG TEST] end task task_id=process_empresas_group.get_ref_month map_index=-1
[2026-02-20T08:43:43.497-0300] {dag.py:4396} INFO - [DAG TEST] starting task_id=process_empresas_group.get_empresas_files map_index=-1
[2026-02-20T08:43:43.497-0300] {dag.py:4399} INFO - [DAG TEST] running task <TaskInstance: cnpj_ingestion.process_empresas_group.get_empresas_files manual__2024-09-01T00:00:00-03:00 [scheduled]>
[2026-02-20 08:43:43,519] {taskinstance.py:3132} INFO - Exporting env vars: AIRFLOW_CTX_DAG_OWNER='osint-platform' AIRFLOW_CTX_DAG_ID='cnpj_ingestion' AIRFLOW_CTX_TASK_ID='process_empresas_group.get_empresas_files' AIRFLOW_CTX_EXECUTION_DATE='2024-09-01T03:00:00+00:00' AIRFLOW_CTX_TRY_NUMBER='1' AIRFLOW_CTX_DAG_RUN_ID='manual__2024-09-01T00:00:00-03:00'
[2026-02-20T08:43:43.519-0300] {taskinstance.py:3132} INFO - Exporting env vars: AIRFLOW_CTX_DAG_OWNER='osint-platform' AIRFLOW_CTX_DAG_ID='cnpj_ingestion' AIRFLOW_CTX_TASK_ID='process_empresas_group.get_empresas_files' AIRFLOW_CTX_EXECUTION_DATE='2024-09-01T03:00:00+00:00' AIRFLOW_CTX_TRY_NUMBER='1' AIRFLOW_CTX_DAG_RUN_ID='manual__2024-09-01T00:00:00-03:00'
[2026-02-20T08:43:43.519-0300] {taskinstance.py:731} INFO - ::endgroup::
[2026-02-20T08:43:43.527-0300] {process_tasks.py:189} INFO - Found 0 Empresas files to process: []
[2026-02-20 08:43:43,527] {python.py:240} INFO - Done. Returned value was: []
[2026-02-20T08:43:43.527-0300] {python.py:240} INFO - Done. Returned value was: []
[2026-02-20T08:43:43.537-0300] {taskinstance.py:340} INFO - ::group::Post task execution logs
[2026-02-20T08:43:43.537-0300] {taskinstance.py:352} INFO - Marking task as SUCCESS. dag_id=cnpj_ingestion, task_id=process_empresas_group.get_empresas_files, run_id=manual__2024-09-01T00:00:00-03:00, execution_date=20240901T030000, start_date=, end_date=20260220T114343
[2026-02-20T08:43:43.544-0300] {dag.py:4410} INFO - [DAG TEST] end task task_id=process_empresas_group.get_empresas_files map_index=-1
[2026-02-20T08:43:43.557-0300] {abstractoperator.py:640} INFO - Marking <TaskInstance: cnpj_ingestion.process_empresas_group.process_empresas_file manual__2024-09-01T00:00:00-03:00 [None]> as SKIPPED since the map has 0 values to expand
[2026-02-20T08:43:47.690-0300] {dagrun.py:854} INFO - Marking run <DagRun cnpj_ingestion @ 2024-09-01 03:00:00+00:00: manual__2024-09-01T00:00:00-03:00, state:running, queued_at: None. externally triggered: False> successful
[2026-02-20T08:43:47.692-0300] {dagrun.py:905} INFO - DagRun Finished: dag_id=cnpj_ingestion, execution_date=2024-09-01 03:00:00+00:00, run_id=manual__2024-09-01T00:00:00-03:00, run_start_date=2024-09-01 03:00:00+00:00, run_end_date=2026-02-20 11:43:47.691828+00:00, run_duration=46428227.691828, state=success, external_trigger=False, run_type=manual, data_interval_start=2024-09-01 03:00:00+00:00, data_interval_end=2024-09-01 03:00:00+00:00, dag_hash=None
✓ Completed: 2024-09

----------------------------------------
Processing: 2024-10
----------------------------------------
Running DAG test for 2024-10...
[2026-02-20T08:43:51.384-0300] {taskinstance.py:731} INFO - ::endgroup::
[2026-02-20 08:43:51,385] {python.py:240} INFO - Done. Returned value was: 2025-07
[2026-02-20T08:43:51.385-0300] {python.py:240} INFO - Done. Returned value was: 2025-07
[2026-02-20T08:43:51.452-0300] {taskinstance.py:340} INFO - ::group::Post task execution logs
[2026-02-20T08:43:51.452-0300] {taskinstance.py:352} INFO - Marking task as SUCCESS. dag_id=cnpj_ingestion, task_id=process_empresas_group.get_ref_month, run_id=manual__2024-10-01T00:00:00-03:00, execution_date=20241001T030000, start_date=, end_date=20260220T114351
[2026-02-20T08:43:51.517-0300] {dag.py:4410} INFO - [DAG TEST] end task task_id=process_empresas_group.get_ref_month map_index=-1
[2026-02-20T08:43:51.562-0300] {dag.py:4396} INFO - [DAG TEST] starting task_id=process_empresas_group.get_empresas_files map_index=-1
[2026-02-20T08:43:51.562-0300] {dag.py:4399} INFO - [DAG TEST] running task <TaskInstance: cnpj_ingestion.process_empresas_group.get_empresas_files manual__2024-10-01T00:00:00-03:00 [scheduled]>
[2026-02-20 08:43:51,634] {taskinstance.py:3132} INFO - Exporting env vars: AIRFLOW_CTX_DAG_OWNER='osint-platform' AIRFLOW_CTX_DAG_ID='cnpj_ingestion' AIRFLOW_CTX_TASK_ID='process_empresas_group.get_empresas_files' AIRFLOW_CTX_EXECUTION_DATE='2024-10-01T03:00:00+00:00' AIRFLOW_CTX_TRY_NUMBER='1' AIRFLOW_CTX_DAG_RUN_ID='manual__2024-10-01T00:00:00-03:00'
[2026-02-20T08:43:51.634-0300] {taskinstance.py:3132} INFO - Exporting env vars: AIRFLOW_CTX_DAG_OWNER='osint-platform' AIRFLOW_CTX_DAG_ID='cnpj_ingestion' AIRFLOW_CTX_TASK_ID='process_empresas_group.get_empresas_files' AIRFLOW_CTX_EXECUTION_DATE='2024-10-01T03:00:00+00:00' AIRFLOW_CTX_TRY_NUMBER='1' AIRFLOW_CTX_DAG_RUN_ID='manual__2024-10-01T00:00:00-03:00'
[2026-02-20T08:43:51.634-0300] {taskinstance.py:731} INFO - ::endgroup::
[2026-02-20T08:43:51.642-0300] {process_tasks.py:189} INFO - Found 0 Empresas files to process: []
[2026-02-20 08:43:51,642] {python.py:240} INFO - Done. Returned value was: []
[2026-02-20T08:43:51.642-0300] {python.py:240} INFO - Done. Returned value was: []
[2026-02-20T08:43:51.685-0300] {taskinstance.py:340} INFO - ::group::Post task execution logs
[2026-02-20T08:43:51.686-0300] {taskinstance.py:352} INFO - Marking task as SUCCESS. dag_id=cnpj_ingestion, task_id=process_empresas_group.get_empresas_files, run_id=manual__2024-10-01T00:00:00-03:00, execution_date=20241001T030000, start_date=, end_date=20260220T114351
[2026-02-20T08:43:51.717-0300] {dag.py:4410} INFO - [DAG TEST] end task task_id=process_empresas_group.get_empresas_files map_index=-1
[2026-02-20T08:43:51.730-0300] {abstractoperator.py:640} INFO - Marking <TaskInstance: cnpj_ingestion.process_empresas_group.process_empresas_file manual__2024-10-01T00:00:00-03:00 [None]> as SKIPPED since the map has 0 values to expand
[2026-02-20T08:43:55.940-0300] {dagrun.py:854} INFO - Marking run <DagRun cnpj_ingestion @ 2024-10-01 03:00:00+00:00: manual__2024-10-01T00:00:00-03:00, state:running, queued_at: None. externally triggered: False> successful
[2026-02-20T08:43:55.941-0300] {dagrun.py:905} INFO - DagRun Finished: dag_id=cnpj_ingestion, execution_date=2024-10-01 03:00:00+00:00, run_id=manual__2024-10-01T00:00:00-03:00, run_start_date=2024-10-01 03:00:00+00:00, run_end_date=2026-02-20 11:43:55.941388+00:00, run_duration=43836235.941388, state=success, external_trigger=False, run_type=manual, data_interval_start=2024-10-01 03:00:00+00:00, data_interval_end=2024-10-01 03:00:00+00:00, dag_hash=None
✓ Completed: 2024-10

----------------------------------------
Processing: 2024-11
----------------------------------------
Running DAG test for 2024-11...
[2026-02-20T08:43:59.416-0300] {taskinstance.py:731} INFO - ::endgroup::
[2026-02-20 08:43:59,416] {python.py:240} INFO - Done. Returned value was: 2025-07
[2026-02-20T08:43:59.416-0300] {python.py:240} INFO - Done. Returned value was: 2025-07
[2026-02-20T08:43:59.477-0300] {taskinstance.py:340} INFO - ::group::Post task execution logs
[2026-02-20T08:43:59.477-0300] {taskinstance.py:352} INFO - Marking task as SUCCESS. dag_id=cnpj_ingestion, task_id=process_empresas_group.get_ref_month, run_id=manual__2024-11-01T00:00:00-03:00, execution_date=20241101T030000, start_date=, end_date=20260220T114359
[2026-02-20T08:43:59.541-0300] {dag.py:4410} INFO - [DAG TEST] end task task_id=process_empresas_group.get_ref_month map_index=-1
[2026-02-20T08:43:59.595-0300] {dag.py:4396} INFO - [DAG TEST] starting task_id=process_empresas_group.get_empresas_files map_index=-1
[2026-02-20T08:43:59.595-0300] {dag.py:4399} INFO - [DAG TEST] running task <TaskInstance: cnpj_ingestion.process_empresas_group.get_empresas_files manual__2024-11-01T00:00:00-03:00 [scheduled]>
[2026-02-20 08:43:59,699] {taskinstance.py:3132} INFO - Exporting env vars: AIRFLOW_CTX_DAG_OWNER='osint-platform' AIRFLOW_CTX_DAG_ID='cnpj_ingestion' AIRFLOW_CTX_TASK_ID='process_empresas_group.get_empresas_files' AIRFLOW_CTX_EXECUTION_DATE='2024-11-01T03:00:00+00:00' AIRFLOW_CTX_TRY_NUMBER='1' AIRFLOW_CTX_DAG_RUN_ID='manual__2024-11-01T00:00:00-03:00'
[2026-02-20T08:43:59.699-0300] {taskinstance.py:3132} INFO - Exporting env vars: AIRFLOW_CTX_DAG_OWNER='osint-platform' AIRFLOW_CTX_DAG_ID='cnpj_ingestion' AIRFLOW_CTX_TASK_ID='process_empresas_group.get_empresas_files' AIRFLOW_CTX_EXECUTION_DATE='2024-11-01T03:00:00+00:00' AIRFLOW_CTX_TRY_NUMBER='1' AIRFLOW_CTX_DAG_RUN_ID='manual__2024-11-01T00:00:00-03:00'
[2026-02-20T08:43:59.701-0300] {taskinstance.py:731} INFO - ::endgroup::
[2026-02-20T08:43:59.736-0300] {process_tasks.py:189} INFO - Found 0 Empresas files to process: []
[2026-02-20 08:43:59,736] {python.py:240} INFO - Done. Returned value was: []
[2026-02-20T08:43:59.736-0300] {python.py:240} INFO - Done. Returned value was: []
[2026-02-20T08:43:59.788-0300] {taskinstance.py:340} INFO - ::group::Post task execution logs
[2026-02-20T08:43:59.790-0300] {taskinstance.py:352} INFO - Marking task as SUCCESS. dag_id=cnpj_ingestion, task_id=process_empresas_group.get_empresas_files, run_id=manual__2024-11-01T00:00:00-03:00, execution_date=20241101T030000, start_date=, end_date=20260220T114359
[2026-02-20T08:43:59.832-0300] {dag.py:4410} INFO - [DAG TEST] end task task_id=process_empresas_group.get_empresas_files map_index=-1
[2026-02-20T08:43:59.865-0300] {abstractoperator.py:640} INFO - Marking <TaskInstance: cnpj_ingestion.process_empresas_group.process_empresas_file manual__2024-11-01T00:00:00-03:00 [None]> as SKIPPED since the map has 0 values to expand
[2026-02-20T08:44:04.080-0300] {dagrun.py:854} INFO - Marking run <DagRun cnpj_ingestion @ 2024-11-01 03:00:00+00:00: manual__2024-11-01T00:00:00-03:00, state:running, queued_at: None. externally triggered: False> successful
[2026-02-20T08:44:04.080-0300] {dagrun.py:905} INFO - DagRun Finished: dag_id=cnpj_ingestion, execution_date=2024-11-01 03:00:00+00:00, run_id=manual__2024-11-01T00:00:00-03:00, run_start_date=2024-11-01 03:00:00+00:00, run_end_date=2026-02-20 11:44:04.080932+00:00, run_duration=41157844.080932, state=success, external_trigger=False, run_type=manual, data_interval_start=2024-11-01 03:00:00+00:00, data_interval_end=2024-11-01 03:00:00+00:00, dag_hash=None
✓ Completed: 2024-11

----------------------------------------
Processing: 2024-12
----------------------------------------
Running DAG test for 2024-12...
[2026-02-20T08:44:07.556-0300] {taskinstance.py:731} INFO - ::endgroup::
[2026-02-20 08:44:07,557] {python.py:240} INFO - Done. Returned value was: 2025-07
[2026-02-20T08:44:07.557-0300] {python.py:240} INFO - Done. Returned value was: 2025-07
[2026-02-20T08:44:07.603-0300] {taskinstance.py:340} INFO - ::group::Post task execution logs
[2026-02-20T08:44:07.604-0300] {taskinstance.py:352} INFO - Marking task as SUCCESS. dag_id=cnpj_ingestion, task_id=process_empresas_group.get_ref_month, run_id=manual__2024-12-01T00:00:00-03:00, execution_date=20241201T030000, start_date=, end_date=20260220T114407
[2026-02-20T08:44:07.647-0300] {dag.py:4410} INFO - [DAG TEST] end task task_id=process_empresas_group.get_ref_month map_index=-1
[2026-02-20T08:44:07.719-0300] {dag.py:4396} INFO - [DAG TEST] starting task_id=process_empresas_group.get_empresas_files map_index=-1
[2026-02-20T08:44:07.720-0300] {dag.py:4399} INFO - [DAG TEST] running task <TaskInstance: cnpj_ingestion.process_empresas_group.get_empresas_files manual__2024-12-01T00:00:00-03:00 [scheduled]>
[2026-02-20 08:44:07,814] {taskinstance.py:3132} INFO - Exporting env vars: AIRFLOW_CTX_DAG_OWNER='osint-platform' AIRFLOW_CTX_DAG_ID='cnpj_ingestion' AIRFLOW_CTX_TASK_ID='process_empresas_group.get_empresas_files' AIRFLOW_CTX_EXECUTION_DATE='2024-12-01T03:00:00+00:00' AIRFLOW_CTX_TRY_NUMBER='1' AIRFLOW_CTX_DAG_RUN_ID='manual__2024-12-01T00:00:00-03:00'
[2026-02-20T08:44:07.814-0300] {taskinstance.py:3132} INFO - Exporting env vars: AIRFLOW_CTX_DAG_OWNER='osint-platform' AIRFLOW_CTX_DAG_ID='cnpj_ingestion' AIRFLOW_CTX_TASK_ID='process_empresas_group.get_empresas_files' AIRFLOW_CTX_EXECUTION_DATE='2024-12-01T03:00:00+00:00' AIRFLOW_CTX_TRY_NUMBER='1' AIRFLOW_CTX_DAG_RUN_ID='manual__2024-12-01T00:00:00-03:00'
[2026-02-20T08:44:07.815-0300] {taskinstance.py:731} INFO - ::endgroup::
[2026-02-20T08:44:07.836-0300] {process_tasks.py:189} INFO - Found 0 Empresas files to process: []
[2026-02-20 08:44:07,837] {python.py:240} INFO - Done. Returned value was: []
[2026-02-20T08:44:07.837-0300] {python.py:240} INFO - Done. Returned value was: []
[2026-02-20T08:44:07.928-0300] {taskinstance.py:340} INFO - ::group::Post task execution logs
[2026-02-20T08:44:07.930-0300] {taskinstance.py:352} INFO - Marking task as SUCCESS. dag_id=cnpj_ingestion, task_id=process_empresas_group.get_empresas_files, run_id=manual__2024-12-01T00:00:00-03:00, execution_date=20241201T030000, start_date=, end_date=20260220T114407
[2026-02-20T08:44:07.964-0300] {dag.py:4410} INFO - [DAG TEST] end task task_id=process_empresas_group.get_empresas_files map_index=-1
[2026-02-20T08:44:07.995-0300] {abstractoperator.py:640} INFO - Marking <TaskInstance: cnpj_ingestion.process_empresas_group.process_empresas_file manual__2024-12-01T00:00:00-03:00 [None]> as SKIPPED since the map has 0 values to expand
[2026-02-20T08:44:12.210-0300] {dagrun.py:854} INFO - Marking run <DagRun cnpj_ingestion @ 2024-12-01 03:00:00+00:00: manual__2024-12-01T00:00:00-03:00, state:running, queued_at: None. externally triggered: False> successful
[2026-02-20T08:44:12.211-0300] {dagrun.py:905} INFO - DagRun Finished: dag_id=cnpj_ingestion, execution_date=2024-12-01 03:00:00+00:00, run_id=manual__2024-12-01T00:00:00-03:00, run_start_date=2024-12-01 03:00:00+00:00, run_end_date=2026-02-20 11:44:12.211628+00:00, run_duration=38565852.211628, state=success, external_trigger=False, run_type=manual, data_interval_start=2024-12-01 03:00:00+00:00, data_interval_end=2024-12-01 03:00:00+00:00, dag_hash=None
✓ Completed: 2024-12

----------------------------------------
Processing: 2025-01
----------------------------------------
Running DAG test for 2025-01...
[2026-02-20T08:44:15.712-0300] {taskinstance.py:731} INFO - ::endgroup::
[2026-02-20 08:44:15,712] {python.py:240} INFO - Done. Returned value was: 2025-07
[2026-02-20T08:44:15.712-0300] {python.py:240} INFO - Done. Returned value was: 2025-07
[2026-02-20T08:44:15.746-0300] {taskinstance.py:340} INFO - ::group::Post task execution logs
[2026-02-20T08:44:15.746-0300] {taskinstance.py:352} INFO - Marking task as SUCCESS. dag_id=cnpj_ingestion, task_id=process_empresas_group.get_ref_month, run_id=manual__2025-01-01T00:00:00-03:00, execution_date=20250101T030000, start_date=, end_date=20260220T114415
[2026-02-20T08:44:15.786-0300] {dag.py:4410} INFO - [DAG TEST] end task task_id=process_empresas_group.get_ref_month map_index=-1
[2026-02-20T08:44:15.831-0300] {dag.py:4396} INFO - [DAG TEST] starting task_id=process_empresas_group.get_empresas_files map_index=-1
[2026-02-20T08:44:15.831-0300] {dag.py:4399} INFO - [DAG TEST] running task <TaskInstance: cnpj_ingestion.process_empresas_group.get_empresas_files manual__2025-01-01T00:00:00-03:00 [scheduled]>
[2026-02-20 08:44:15,903] {taskinstance.py:3132} INFO - Exporting env vars: AIRFLOW_CTX_DAG_OWNER='osint-platform' AIRFLOW_CTX_DAG_ID='cnpj_ingestion' AIRFLOW_CTX_TASK_ID='process_empresas_group.get_empresas_files' AIRFLOW_CTX_EXECUTION_DATE='2025-01-01T03:00:00+00:00' AIRFLOW_CTX_TRY_NUMBER='1' AIRFLOW_CTX_DAG_RUN_ID='manual__2025-01-01T00:00:00-03:00'
[2026-02-20T08:44:15.903-0300] {taskinstance.py:3132} INFO - Exporting env vars: AIRFLOW_CTX_DAG_OWNER='osint-platform' AIRFLOW_CTX_DAG_ID='cnpj_ingestion' AIRFLOW_CTX_TASK_ID='process_empresas_group.get_empresas_files' AIRFLOW_CTX_EXECUTION_DATE='2025-01-01T03:00:00+00:00' AIRFLOW_CTX_TRY_NUMBER='1' AIRFLOW_CTX_DAG_RUN_ID='manual__2025-01-01T00:00:00-03:00'
[2026-02-20T08:44:15.904-0300] {taskinstance.py:731} INFO - ::endgroup::
[2026-02-20T08:44:15.911-0300] {process_tasks.py:189} INFO - Found 0 Empresas files to process: []
[2026-02-20 08:44:15,911] {python.py:240} INFO - Done. Returned value was: []
[2026-02-20T08:44:15.911-0300] {python.py:240} INFO - Done. Returned value was: []
[2026-02-20T08:44:15.946-0300] {taskinstance.py:340} INFO - ::group::Post task execution logs
[2026-02-20T08:44:15.947-0300] {taskinstance.py:352} INFO - Marking task as SUCCESS. dag_id=cnpj_ingestion, task_id=process_empresas_group.get_empresas_files, run_id=manual__2025-01-01T00:00:00-03:00, execution_date=20250101T030000, start_date=, end_date=20260220T114415
[2026-02-20T08:44:15.986-0300] {dag.py:4410} INFO - [DAG TEST] end task task_id=process_empresas_group.get_empresas_files map_index=-1
[2026-02-20T08:44:15.998-0300] {abstractoperator.py:640} INFO - Marking <TaskInstance: cnpj_ingestion.process_empresas_group.process_empresas_file manual__2025-01-01T00:00:00-03:00 [None]> as SKIPPED since the map has 0 values to expand
[2026-02-20T08:44:19.233-0300] {dagrun.py:854} INFO - Marking run <DagRun cnpj_ingestion @ 2025-01-01 03:00:00+00:00: manual__2025-01-01T00:00:00-03:00, state:running, queued_at: None. externally triggered: False> successful
[2026-02-20T08:44:19.234-0300] {dagrun.py:905} INFO - DagRun Finished: dag_id=cnpj_ingestion, execution_date=2025-01-01 03:00:00+00:00, run_id=manual__2025-01-01T00:00:00-03:00, run_start_date=2025-01-01 03:00:00+00:00, run_end_date=2026-02-20 11:44:19.234018+00:00, run_duration=35887459.234018, state=success, external_trigger=False, run_type=manual, data_interval_start=2025-01-01 03:00:00+00:00, data_interval_end=2025-01-01 03:00:00+00:00, dag_hash=None
✓ Completed: 2025-01

----------------------------------------
Processing: 2025-02
----------------------------------------
Running DAG test for 2025-02...
[2026-02-20T08:44:22.770-0300] {taskinstance.py:731} INFO - ::endgroup::
[2026-02-20 08:44:22,771] {python.py:240} INFO - Done. Returned value was: 2025-07
[2026-02-20T08:44:22.771-0300] {python.py:240} INFO - Done. Returned value was: 2025-07
[2026-02-20T08:44:22.826-0300] {taskinstance.py:340} INFO - ::group::Post task execution logs
[2026-02-20T08:44:22.827-0300] {taskinstance.py:352} INFO - Marking task as SUCCESS. dag_id=cnpj_ingestion, task_id=process_empresas_group.get_ref_month, run_id=manual__2025-02-01T00:00:00-03:00, execution_date=20250201T030000, start_date=, end_date=20260220T114422
[2026-02-20T08:44:22.862-0300] {dag.py:4410} INFO - [DAG TEST] end task task_id=process_empresas_group.get_ref_month map_index=-1
[2026-02-20T08:44:22.918-0300] {dag.py:4396} INFO - [DAG TEST] starting task_id=process_empresas_group.get_empresas_files map_index=-1
[2026-02-20T08:44:22.919-0300] {dag.py:4399} INFO - [DAG TEST] running task <TaskInstance: cnpj_ingestion.process_empresas_group.get_empresas_files manual__2025-02-01T00:00:00-03:00 [scheduled]>
[2026-02-20 08:44:23,028] {taskinstance.py:3132} INFO - Exporting env vars: AIRFLOW_CTX_DAG_OWNER='osint-platform' AIRFLOW_CTX_DAG_ID='cnpj_ingestion' AIRFLOW_CTX_TASK_ID='process_empresas_group.get_empresas_files' AIRFLOW_CTX_EXECUTION_DATE='2025-02-01T03:00:00+00:00' AIRFLOW_CTX_TRY_NUMBER='1' AIRFLOW_CTX_DAG_RUN_ID='manual__2025-02-01T00:00:00-03:00'
[2026-02-20T08:44:23.028-0300] {taskinstance.py:3132} INFO - Exporting env vars: AIRFLOW_CTX_DAG_OWNER='osint-platform' AIRFLOW_CTX_DAG_ID='cnpj_ingestion' AIRFLOW_CTX_TASK_ID='process_empresas_group.get_empresas_files' AIRFLOW_CTX_EXECUTION_DATE='2025-02-01T03:00:00+00:00' AIRFLOW_CTX_TRY_NUMBER='1' AIRFLOW_CTX_DAG_RUN_ID='manual__2025-02-01T00:00:00-03:00'
[2026-02-20T08:44:23.030-0300] {taskinstance.py:731} INFO - ::endgroup::
[2026-02-20T08:44:23.066-0300] {process_tasks.py:189} INFO - Found 0 Empresas files to process: []
[2026-02-20 08:44:23,067] {python.py:240} INFO - Done. Returned value was: []
[2026-02-20T08:44:23.067-0300] {python.py:240} INFO - Done. Returned value was: []
[2026-02-20T08:44:23.124-0300] {taskinstance.py:340} INFO - ::group::Post task execution logs
[2026-02-20T08:44:23.124-0300] {taskinstance.py:352} INFO - Marking task as SUCCESS. dag_id=cnpj_ingestion, task_id=process_empresas_group.get_empresas_files, run_id=manual__2025-02-01T00:00:00-03:00, execution_date=20250201T030000, start_date=, end_date=20260220T114423
[2026-02-20T08:44:23.199-0300] {dag.py:4410} INFO - [DAG TEST] end task task_id=process_empresas_group.get_empresas_files map_index=-1
[2026-02-20T08:44:23.222-0300] {abstractoperator.py:640} INFO - Marking <TaskInstance: cnpj_ingestion.process_empresas_group.process_empresas_file manual__2025-02-01T00:00:00-03:00 [None]> as SKIPPED since the map has 0 values to expand
[2026-02-20T08:44:27.436-0300] {dagrun.py:854} INFO - Marking run <DagRun cnpj_ingestion @ 2025-02-01 03:00:00+00:00: manual__2025-02-01T00:00:00-03:00, state:running, queued_at: None. externally triggered: False> successful
[2026-02-20T08:44:27.438-0300] {dagrun.py:905} INFO - DagRun Finished: dag_id=cnpj_ingestion, execution_date=2025-02-01 03:00:00+00:00, run_id=manual__2025-02-01T00:00:00-03:00, run_start_date=2025-02-01 03:00:00+00:00, run_end_date=2026-02-20 11:44:27.438624+00:00, run_duration=33209067.438624, state=success, external_trigger=False, run_type=manual, data_interval_start=2025-02-01 03:00:00+00:00, data_interval_end=2025-02-01 03:00:00+00:00, dag_hash=None
✓ Completed: 2025-02

----------------------------------------
Processing: 2025-03
----------------------------------------
Running DAG test for 2025-03...
[2026-02-20 08:44:30,910] {taskinstance.py:3132} INFO - Exporting env vars: AIRFLOW_CTX_DAG_OWNER='osint-platform' AIRFLOW_CTX_DAG_ID='cnpj_ingestion' AIRFLOW_CTX_TASK_ID='process_empresas_group.get_ref_month' AIRFLOW_CTX_EXECUTION_DATE='2025-03-01T03:00:00+00:00' AIRFLOW_CTX_TRY_NUMBER='1' AIRFLOW_CTX_DAG_RUN_ID='manual__2025-03-01T00:00:00-03:00'
[2026-02-20T08:44:30.910-0300] {taskinstance.py:3132} INFO - Exporting env vars: AIRFLOW_CTX_DAG_OWNER='osint-platform' AIRFLOW_CTX_DAG_ID='cnpj_ingestion' AIRFLOW_CTX_TASK_ID='process_empresas_group.get_ref_month' AIRFLOW_CTX_EXECUTION_DATE='2025-03-01T03:00:00+00:00' AIRFLOW_CTX_TRY_NUMBER='1' AIRFLOW_CTX_DAG_RUN_ID='manual__2025-03-01T00:00:00-03:00'
[2026-02-20T08:44:30.911-0300] {taskinstance.py:731} INFO - ::endgroup::
[2026-02-20 08:44:30,912] {python.py:240} INFO - Done. Returned value was: 2025-07
[2026-02-20T08:44:30.912-0300] {python.py:240} INFO - Done. Returned value was: 2025-07
[2026-02-20T08:44:30.957-0300] {taskinstance.py:340} INFO - ::group::Post task execution logs
[2026-02-20T08:44:30.958-0300] {taskinstance.py:352} INFO - Marking task as SUCCESS. dag_id=cnpj_ingestion, task_id=process_empresas_group.get_ref_month, run_id=manual__2025-03-01T00:00:00-03:00, execution_date=20250301T030000, start_date=, end_date=20260220T114430
[2026-02-20T08:44:30.993-0300] {dag.py:4410} INFO - [DAG TEST] end task task_id=process_empresas_group.get_ref_month map_index=-1
[2026-02-20T08:44:31.049-0300] {dag.py:4396} INFO - [DAG TEST] starting task_id=process_empresas_group.get_empresas_files map_index=-1
[2026-02-20T08:44:31.050-0300] {dag.py:4399} INFO - [DAG TEST] running task <TaskInstance: cnpj_ingestion.process_empresas_group.get_empresas_files manual__2025-03-01T00:00:00-03:00 [scheduled]>
[2026-02-20 08:44:31,126] {taskinstance.py:3132} INFO - Exporting env vars: AIRFLOW_CTX_DAG_OWNER='osint-platform' AIRFLOW_CTX_DAG_ID='cnpj_ingestion' AIRFLOW_CTX_TASK_ID='process_empresas_group.get_empresas_files' AIRFLOW_CTX_EXECUTION_DATE='2025-03-01T03:00:00+00:00' AIRFLOW_CTX_TRY_NUMBER='1' AIRFLOW_CTX_DAG_RUN_ID='manual__2025-03-01T00:00:00-03:00'
[2026-02-20T08:44:31.126-0300] {taskinstance.py:3132} INFO - Exporting env vars: AIRFLOW_CTX_DAG_OWNER='osint-platform' AIRFLOW_CTX_DAG_ID='cnpj_ingestion' AIRFLOW_CTX_TASK_ID='process_empresas_group.get_empresas_files' AIRFLOW_CTX_EXECUTION_DATE='2025-03-01T03:00:00+00:00' AIRFLOW_CTX_TRY_NUMBER='1' AIRFLOW_CTX_DAG_RUN_ID='manual__2025-03-01T00:00:00-03:00'
[2026-02-20T08:44:31.127-0300] {taskinstance.py:731} INFO - ::endgroup::
[2026-02-20T08:44:31.160-0300] {process_tasks.py:189} INFO - Found 0 Empresas files to process: []
[2026-02-20 08:44:31,161] {python.py:240} INFO - Done. Returned value was: []
[2026-02-20T08:44:31.161-0300] {python.py:240} INFO - Done. Returned value was: []
[2026-02-20T08:44:31.203-0300] {taskinstance.py:340} INFO - ::group::Post task execution logs
[2026-02-20T08:44:31.204-0300] {taskinstance.py:352} INFO - Marking task as SUCCESS. dag_id=cnpj_ingestion, task_id=process_empresas_group.get_empresas_files, run_id=manual__2025-03-01T00:00:00-03:00, execution_date=20250301T030000, start_date=, end_date=20260220T114431
[2026-02-20T08:44:31.234-0300] {dag.py:4410} INFO - [DAG TEST] end task task_id=process_empresas_group.get_empresas_files map_index=-1
[2026-02-20T08:44:31.275-0300] {abstractoperator.py:640} INFO - Marking <TaskInstance: cnpj_ingestion.process_empresas_group.process_empresas_file manual__2025-03-01T00:00:00-03:00 [None]> as SKIPPED since the map has 0 values to expand
✓ Completed: 2025-03

----------------------------------------
Processing: 2025-04
----------------------------------------
Running DAG test for 2025-04...
[2026-02-20T08:44:35.975-0300] {taskinstance.py:731} INFO - ::endgroup::
[2026-02-20 08:44:35,976] {python.py:240} INFO - Done. Returned value was: 2025-07
[2026-02-20T08:44:35.976-0300] {python.py:240} INFO - Done. Returned value was: 2025-07
[2026-02-20T08:44:36.012-0300] {taskinstance.py:340} INFO - ::group::Post task execution logs
[2026-02-20T08:44:36.013-0300] {taskinstance.py:352} INFO - Marking task as SUCCESS. dag_id=cnpj_ingestion, task_id=process_empresas_group.get_ref_month, run_id=manual__2025-04-01T00:00:00-03:00, execution_date=20250401T030000, start_date=, end_date=20260220T114436
[2026-02-20T08:44:36.059-0300] {dag.py:4410} INFO - [DAG TEST] end task task_id=process_empresas_group.get_ref_month map_index=-1
[2026-02-20T08:44:36.130-0300] {dag.py:4396} INFO - [DAG TEST] starting task_id=process_empresas_group.get_empresas_files map_index=-1
[2026-02-20T08:44:36.130-0300] {dag.py:4399} INFO - [DAG TEST] running task <TaskInstance: cnpj_ingestion.process_empresas_group.get_empresas_files manual__2025-04-01T00:00:00-03:00 [scheduled]>
[2026-02-20 08:44:36,233] {taskinstance.py:3132} INFO - Exporting env vars: AIRFLOW_CTX_DAG_OWNER='osint-platform' AIRFLOW_CTX_DAG_ID='cnpj_ingestion' AIRFLOW_CTX_TASK_ID='process_empresas_group.get_empresas_files' AIRFLOW_CTX_EXECUTION_DATE='2025-04-01T03:00:00+00:00' AIRFLOW_CTX_TRY_NUMBER='1' AIRFLOW_CTX_DAG_RUN_ID='manual__2025-04-01T00:00:00-03:00'
[2026-02-20T08:44:36.233-0300] {taskinstance.py:3132} INFO - Exporting env vars: AIRFLOW_CTX_DAG_OWNER='osint-platform' AIRFLOW_CTX_DAG_ID='cnpj_ingestion' AIRFLOW_CTX_TASK_ID='process_empresas_group.get_empresas_files' AIRFLOW_CTX_EXECUTION_DATE='2025-04-01T03:00:00+00:00' AIRFLOW_CTX_TRY_NUMBER='1' AIRFLOW_CTX_DAG_RUN_ID='manual__2025-04-01T00:00:00-03:00'
[2026-02-20T08:44:36.234-0300] {taskinstance.py:731} INFO - ::endgroup::
[2026-02-20T08:44:36.251-0300] {process_tasks.py:189} INFO - Found 0 Empresas files to process: []
[2026-02-20 08:44:36,252] {python.py:240} INFO - Done. Returned value was: []
[2026-02-20T08:44:36.252-0300] {python.py:240} INFO - Done. Returned value was: []
[2026-02-20T08:44:36.295-0300] {taskinstance.py:340} INFO - ::group::Post task execution logs
[2026-02-20T08:44:36.296-0300] {taskinstance.py:352} INFO - Marking task as SUCCESS. dag_id=cnpj_ingestion, task_id=process_empresas_group.get_empresas_files, run_id=manual__2025-04-01T00:00:00-03:00, execution_date=20250401T030000, start_date=, end_date=20260220T114436
[2026-02-20T08:44:36.342-0300] {dag.py:4410} INFO - [DAG TEST] end task task_id=process_empresas_group.get_empresas_files map_index=-1
[2026-02-20T08:44:36.391-0300] {abstractoperator.py:640} INFO - Marking <TaskInstance: cnpj_ingestion.process_empresas_group.process_empresas_file manual__2025-04-01T00:00:00-03:00 [None]> as SKIPPED since the map has 0 values to expand
[2026-02-20T08:44:40.803-0300] {dagrun.py:854} INFO - Marking run <DagRun cnpj_ingestion @ 2025-04-01 03:00:00+00:00: manual__2025-04-01T00:00:00-03:00, state:running, queued_at: None. externally triggered: False> successful
[2026-02-20T08:44:40.804-0300] {dagrun.py:905} INFO - DagRun Finished: dag_id=cnpj_ingestion, execution_date=2025-04-01 03:00:00+00:00, run_id=manual__2025-04-01T00:00:00-03:00, run_start_date=2025-04-01 03:00:00+00:00, run_end_date=2026-02-20 11:44:40.804099+00:00, run_duration=28111480.804099, state=success, external_trigger=False, run_type=manual, data_interval_start=2025-04-01 03:00:00+00:00, data_interval_end=2025-04-01 03:00:00+00:00, dag_hash=None
✓ Completed: 2025-04

----------------------------------------
Processing: 2025-05
----------------------------------------
Running DAG test for 2025-05...
[2026-02-20T08:44:44.348-0300] {taskinstance.py:731} INFO - ::endgroup::
[2026-02-20 08:44:44,349] {python.py:240} INFO - Done. Returned value was: 2025-07
[2026-02-20T08:44:44.349-0300] {python.py:240} INFO - Done. Returned value was: 2025-07
[2026-02-20T08:44:44.382-0300] {taskinstance.py:340} INFO - ::group::Post task execution logs
[2026-02-20T08:44:44.383-0300] {taskinstance.py:352} INFO - Marking task as SUCCESS. dag_id=cnpj_ingestion, task_id=process_empresas_group.get_ref_month, run_id=manual__2025-05-01T00:00:00-03:00, execution_date=20250501T030000, start_date=, end_date=20260220T114444
[2026-02-20T08:44:44.415-0300] {dag.py:4410} INFO - [DAG TEST] end task task_id=process_empresas_group.get_ref_month map_index=-1
[2026-02-20T08:44:44.503-0300] {dag.py:4396} INFO - [DAG TEST] starting task_id=process_empresas_group.get_empresas_files map_index=-1
[2026-02-20T08:44:44.504-0300] {dag.py:4399} INFO - [DAG TEST] running task <TaskInstance: cnpj_ingestion.process_empresas_group.get_empresas_files manual__2025-05-01T00:00:00-03:00 [scheduled]>
[2026-02-20 08:44:44,623] {taskinstance.py:3132} INFO - Exporting env vars: AIRFLOW_CTX_DAG_OWNER='osint-platform' AIRFLOW_CTX_DAG_ID='cnpj_ingestion' AIRFLOW_CTX_TASK_ID='process_empresas_group.get_empresas_files' AIRFLOW_CTX_EXECUTION_DATE='2025-05-01T03:00:00+00:00' AIRFLOW_CTX_TRY_NUMBER='1' AIRFLOW_CTX_DAG_RUN_ID='manual__2025-05-01T00:00:00-03:00'
[2026-02-20T08:44:44.623-0300] {taskinstance.py:3132} INFO - Exporting env vars: AIRFLOW_CTX_DAG_OWNER='osint-platform' AIRFLOW_CTX_DAG_ID='cnpj_ingestion' AIRFLOW_CTX_TASK_ID='process_empresas_group.get_empresas_files' AIRFLOW_CTX_EXECUTION_DATE='2025-05-01T03:00:00+00:00' AIRFLOW_CTX_TRY_NUMBER='1' AIRFLOW_CTX_DAG_RUN_ID='manual__2025-05-01T00:00:00-03:00'
[2026-02-20T08:44:44.623-0300] {taskinstance.py:731} INFO - ::endgroup::
[2026-02-20T08:44:44.636-0300] {process_tasks.py:189} INFO - Found 0 Empresas files to process: []
[2026-02-20 08:44:44,636] {python.py:240} INFO - Done. Returned value was: []
[2026-02-20T08:44:44.636-0300] {python.py:240} INFO - Done. Returned value was: []
[2026-02-20T08:44:44.674-0300] {taskinstance.py:340} INFO - ::group::Post task execution logs
[2026-02-20T08:44:44.674-0300] {taskinstance.py:352} INFO - Marking task as SUCCESS. dag_id=cnpj_ingestion, task_id=process_empresas_group.get_empresas_files, run_id=manual__2025-05-01T00:00:00-03:00, execution_date=20250501T030000, start_date=, end_date=20260220T114444
[2026-02-20T08:44:44.706-0300] {dag.py:4410} INFO - [DAG TEST] end task task_id=process_empresas_group.get_empresas_files map_index=-1
[2026-02-20T08:44:44.725-0300] {abstractoperator.py:640} INFO - Marking <TaskInstance: cnpj_ingestion.process_empresas_group.process_empresas_file manual__2025-05-01T00:00:00-03:00 [None]> as SKIPPED since the map has 0 values to expand
[2026-02-20T08:44:47.951-0300] {dagrun.py:854} INFO - Marking run <DagRun cnpj_ingestion @ 2025-05-01 03:00:00+00:00: manual__2025-05-01T00:00:00-03:00, state:running, queued_at: None. externally triggered: False> successful
[2026-02-20T08:44:47.952-0300] {dagrun.py:905} INFO - DagRun Finished: dag_id=cnpj_ingestion, execution_date=2025-05-01 03:00:00+00:00, run_id=manual__2025-05-01T00:00:00-03:00, run_start_date=2025-05-01 03:00:00+00:00, run_end_date=2026-02-20 11:44:47.952320+00:00, run_duration=25519487.95232, state=success, external_trigger=False, run_type=manual, data_interval_start=2025-05-01 03:00:00+00:00, data_interval_end=2025-05-01 03:00:00+00:00, dag_hash=None
✓ Completed: 2025-05

=========================================
All months processed!
=========================================
